Determining if the pthread_create exist failed with the following output:
Change Dir: /home/pi/ros_catkin_ws/build_isolated/actionlib/CMakeFiles/CMakeTmp

Run Build Command:"/usr/bin/make" "cmTC_3321d/fast"
/usr/bin/make -f CMakeFiles/cmTC_3321d.dir/build.make CMakeFiles/cmTC_3321d.dir/build
make[1]: Entering directory '/home/pi/ros_catkin_ws/build_isolated/actionlib/CMakeFiles/CMakeTmp'
Building C object CMakeFiles/cmTC_3321d.dir/CheckSymbolExists.c.o
/usr/bin/cc     -o CMakeFiles/cmTC_3321d.dir/CheckSymbolExists.c.o   -c /home/pi/ros_catkin_ws/build_isolated/actionlib/CMakeFiles/CMakeTmp/CheckSymbolExists.c
Linking C executable cmTC_3321d
/usr/bin/cmake -E cmake_link_script CMakeFiles/cmTC_3321d.dir/link.txt --verbose=1
/usr/bin/cc       CMakeFiles/cmTC_3321d.dir/CheckSymbolExists.c.o  -o cmTC_3321d -rdynamic 
CMakeFiles/cmTC_3321d.dir/CheckSymbolExists.c.o: In function `main':
CheckSymbolExists.c:(.text+0x38): undefined reference to `pthread_create'
collect2: error: ld returned 1 exit status
CMakeFiles/cmTC_3321d.dir/build.make:97: recipe for target 'cmTC_3321d' failed
make[1]: *** [cmTC_3321d] Error 1
make[1]: Leaving directory '/home/pi/ros_catkin_ws/build_isolated/actionlib/CMakeFiles/CMakeTmp'
Makefile:126: recipe for target 'cmTC_3321d/fast' failed
make: *** [cmTC_3321d/fast] Error 2

File /home/pi/ros_catkin_ws/build_isolated/actionlib/CMakeFiles/CMakeTmp/CheckSymbolExists.c:
/* */
#include <pthread.h>

int main(int argc, char** argv)
{
  (void)argv;
#ifndef pthread_create
  return ((int*)(&pthread_create))[argc];
#else
  (void)argc;
  return 0;
#endif
}

Determining if the function pthread_create exists in the pthreads failed with the following output:
Change Dir: /home/pi/ros_catkin_ws/build_isolated/actionlib/CMakeFiles/CMakeTmp

Run Build Command:"/usr/bin/make" "cmTC_96e4e/fast"
/usr/bin/make -f CMakeFiles/cmTC_96e4e.dir/build.make CMakeFiles/cmTC_96e4e.dir/build
make[1]: Entering directory '/home/pi/ros_catkin_ws/build_isolated/actionlib/CMakeFiles/CMakeTmp'
Building C object CMakeFiles/cmTC_96e4e.dir/CheckFunctionExists.c.o
/usr/bin/cc    -DCHECK_FUNCTION_EXISTS=pthread_create   -o CMakeFiles/cmTC_96e4e.dir/CheckFunctionExists.c.o   -c /usr/share/cmake-3.7/Modules/CheckFunctionExists.c
Linking C executable cmTC_96e4e
/usr/bin/cmake -E cmake_link_script CMakeFiles/cmTC_96e4e.dir/link.txt --verbose=1
/usr/bin/cc   -DCHECK_FUNCTION_EXISTS=pthread_create    CMakeFiles/cmTC_96e4e.dir/CheckFunctionExists.c.o  -o cmTC_96e4e -rdynamic -lpthreads 
/usr/bin/ld: cannot find -lpthreads
collect2: error: ld returned 1 exit status
CMakeFiles/cmTC_96e4e.dir/build.make:97: recipe for target 'cmTC_96e4e' failed
make[1]: *** [cmTC_96e4e] Error 1
make[1]: Leaving directory '/home/pi/ros_catkin_ws/build_isolated/actionlib/CMakeFiles/CMakeTmp'
Makefile:126: recipe for target 'cmTC_96e4e/fast' failed
make: *** [cmTC_96e4e/fast] Error 2


