-20 20 20 20 7 7
constant.state_run_very_slow
[INFO] [1538296853.572383]: constant.state_run_very_slow
-20 20 20 20 7 7
constant.state_run_very_slow
[INFO] [1538296854.072316]: constant.state_run_very_slow
-20 20 20 20 7 7
constant.state_run_very_slow
[INFO] [1538296854.572646]: constant.state_run_very_slow
-20 20 20 20 7 7
constant.state_run_very_slow
[INFO] [1538296855.072662]: constant.state_run_very_slow
-20 20 20 20 7 7
constant.state_run_very_slow
[INFO] [1538296855.572273]: constant.state_run_very_slow
-20 20 20 20 7 7
constant.state_run_very_slow
[INFO] [1538296856.072642]: constant.state_run_very_slow
-20 20 20 20 7 7
constant.state_run_very_slow
[INFO] [1538296856.572638]: constant.state_run_very_slow
-20 20 20 20 7 7
constant.state_run_very_slow
[INFO] [1538296857.072734]: constant.state_run_very_slow
-20 20 20 20 7 7
constant.state_run_very_slow
[INFO] [1538296857.572929]: constant.state_run_very_slow
-20 20 20 20 7 7
constant.state_run_very_slow
[INFO] [1538296858.076018]: constant.state_run_very_slow
-20 20 20 20 7 7
constant.state_run_very_slow
[INFO] [1538296858.572593]: constant.state_run_very_slow
-20 20 20 20 7 7
constant.state_run_very_slow
[INFO] [1538296859.073029]: constant.state_run_very_slow
-20 20 20 20 7 7
constant.state_run_very_slow
[INFO] [1538296859.573000]: constant.state_run_very_slow
-20 20 20 20 7 7
constant.state_run_very_slow
[INFO] [1538296860.073381]: constant.state_run_very_slow
-20 20 20 20 7 7
constant.state_run_very_slow
[INFO] [1538296860.572833]: constant.state_run_very_slow
-20 20 20 20 7 7
constant.state_run_very_slow
[INFO] [1538296861.072955]: constant.state_run_very_slow
-20 20 20 20 7 7
constant.state_run_very_slow
[INFO] [1538296861.573025]: constant.state_run_very_slow
-20 20 20 20 7 7
constant.state_run_very_slow
[INFO] [1538296862.072902]: constant.state_run_very_slow
-20 20 20 20 7 7
constant.state_run_very_slow
[INFO] [1538296862.575689]: constant.state_run_very_slow
-20 20 20 20 7 7
constant.state_run_very_slow
[INFO] [1538296863.072919]: constant.state_run_very_slow
-20 20 20 20 7 7
constant.state_run_very_slow
[INFO] [1538296863.573048]: constant.state_run_very_slow
-20 20 20 20 7 7
constant.state_run_very_slow
[INFO] [1538296864.073092]: constant.state_run_very_slow
-20 20 20 20 7 7
constant.state_run_very_slow
[INFO] [1538296873.665078]: constant.state_run_very_slow
-20 20 20 20 7 7
constant.state_run_very_slow
[INFO] [1538296874.164304]: constant.state_run_very_slow
-20 20 20 20 7 7
constant.state_run_very_slow
[INFO] [1538296874.664519]: constant.state_run_very_slow
-20 20 20 20 7 7
constant.state_run_very_slow
[INFO] [1538296875.164235]: constant.state_run_very_slow
-20 20 20 20 7 7
constant.state_run_very_slow
[INFO] [1538296875.664250]: constant.state_run_very_slow
-20 20 20 20 7 7
constant.state_run_very_slow
[INFO] [1538296876.164417]: constant.state_run_very_slow
-20 20 20 20 7 7
constant.state_run_very_slow
[INFO] [1538296876.671038]: constant.state_run_very_slow
-20 20 20 20 7 7
constant.state_run_very_slow
[INFO] [1538296877.165391]: constant.state_run_very_slow
-20 20 20 20 7 7
constant.state_run_very_slow
[INFO] [1538296877.664545]: constant.state_run_very_slow
-20 20 20 20 7 7
constant.state_run_very_slow
[INFO] [1538296878.164012]: constant.state_run_very_slow
-20 20 20 20 7 7
constant.state_run_very_slow
[INFO] [1538296878.667394]: constant.state_run_very_slow
-20 20 20 20 7 7
constant.state_run_very_slow
[INFO] [1538296879.164207]: constant.state_run_very_slow
-20 20 20 20 7 7
constant.state_run_very_slow
[INFO] [1538296879.663999]: constant.state_run_very_slow
-20 20 20 20 7 7
constant.state_run_very_slow
[INFO] [1538296880.163953]: constant.state_run_very_slow
-20 20 20 20 7 7
constant.state_run_very_slow
[INFO] [1538296880.665328]: constant.state_run_very_slow
-20 20 20 20 7 7
constant.state_run_very_slow
[INFO] [1538296881.164370]: constant.state_run_very_slow
