[rospy.client][INFO] 2018-09-30 08:40:52,912: init_node, name[/controller], pid[931]
[xmlrpc][INFO] 2018-09-30 08:40:52,916: XML-RPC server binding to 0.0.0.0:0
[rospy.init][INFO] 2018-09-30 08:40:52,921: ROS Slave URI: [http://raspberrypi:33023/]
[xmlrpc][INFO] 2018-09-30 08:40:52,923: Started XML-RPC server [http://raspberrypi:33023/]
[rospy.impl.masterslave][INFO] 2018-09-30 08:40:52,924: _ready: http://raspberrypi:33023/
[xmlrpc][INFO] 2018-09-30 08:40:52,927: xml rpc node: starting XML-RPC server
[rospy.registration][INFO] 2018-09-30 08:40:52,933: Registering with master node http://127.0.0.1:11311
[rospy.registration][INFO] 2018-09-30 08:40:52,934: Registering publisher topic [/cam_dir] type [std_msgs/Int16] with master
[rospy.registration][INFO] 2018-09-30 08:40:52,950: Registering publisher topic [/state] type [std_msgs/Int16] with master
[rospy.init][INFO] 2018-09-30 08:40:53,024: registered with master
[rospy.rosout][INFO] 2018-09-30 08:40:53,025: initializing /rosout core topic
[rospy.rosout][INFO] 2018-09-30 08:40:53,041: connected to core topic /rosout
[rospy.simtime][INFO] 2018-09-30 08:40:53,058: /use_sim_time is not set, will not subscribe to simulated time [/clock] topic
[rospy.internal][INFO] 2018-09-30 08:40:53,256: topic[/rosout] adding connection to [/rosout], count 0
[rosout][INFO] 2018-09-30 08:40:53,571: constant.state_run_very_slow
[rosout][INFO] 2018-09-30 08:40:54,071: constant.state_run_very_slow
[rosout][INFO] 2018-09-30 08:40:54,572: constant.state_run_very_slow
[rosout][INFO] 2018-09-30 08:40:55,072: constant.state_run_very_slow
[rosout][INFO] 2018-09-30 08:40:55,571: constant.state_run_very_slow
[rosout][INFO] 2018-09-30 08:40:56,072: constant.state_run_very_slow
[rosout][INFO] 2018-09-30 08:40:56,572: constant.state_run_very_slow
[rosout][INFO] 2018-09-30 08:40:57,072: constant.state_run_very_slow
[rosout][INFO] 2018-09-30 08:40:57,572: constant.state_run_very_slow
[rosout][INFO] 2018-09-30 08:40:58,075: constant.state_run_very_slow
[rospy.internal][INFO] 2018-09-30 08:40:58,378: topic[/cam_dir] adding connection to [/drive_motor], count 0
[rospy.internal][INFO] 2018-09-30 08:40:58,396: topic[/state] adding connection to [/drive_motor], count 0
[rosout][INFO] 2018-09-30 08:40:58,572: constant.state_run_very_slow
[rosout][INFO] 2018-09-30 08:40:59,072: constant.state_run_very_slow
[rosout][INFO] 2018-09-30 08:40:59,572: constant.state_run_very_slow
[rosout][INFO] 2018-09-30 08:41:00,072: constant.state_run_very_slow
[rosout][INFO] 2018-09-30 08:41:00,572: constant.state_run_very_slow
[rosout][INFO] 2018-09-30 08:41:01,072: constant.state_run_very_slow
[rosout][INFO] 2018-09-30 08:41:01,572: constant.state_run_very_slow
[rosout][INFO] 2018-09-30 08:41:02,072: constant.state_run_very_slow
[rosout][INFO] 2018-09-30 08:41:02,575: constant.state_run_very_slow
[rosout][INFO] 2018-09-30 08:41:03,072: constant.state_run_very_slow
[rosout][INFO] 2018-09-30 08:41:03,572: constant.state_run_very_slow
[rosout][INFO] 2018-09-30 08:41:04,072: constant.state_run_very_slow
[rosout][INFO] 2018-09-30 08:41:13,664: constant.state_run_very_slow
[rosout][INFO] 2018-09-30 08:41:14,163: constant.state_run_very_slow
[rosout][INFO] 2018-09-30 08:41:14,663: constant.state_run_very_slow
[rosout][INFO] 2018-09-30 08:41:15,163: constant.state_run_very_slow
[rosout][INFO] 2018-09-30 08:41:15,663: constant.state_run_very_slow
[rosout][INFO] 2018-09-30 08:41:16,163: constant.state_run_very_slow
[rosout][INFO] 2018-09-30 08:41:16,669: constant.state_run_very_slow
[rosout][INFO] 2018-09-30 08:41:17,164: constant.state_run_very_slow
[rosout][INFO] 2018-09-30 08:41:17,663: constant.state_run_very_slow
[rosout][INFO] 2018-09-30 08:41:18,163: constant.state_run_very_slow
[rosout][INFO] 2018-09-30 08:41:18,666: constant.state_run_very_slow
[rosout][INFO] 2018-09-30 08:41:19,163: constant.state_run_very_slow
[rosout][INFO] 2018-09-30 08:41:19,663: constant.state_run_very_slow
[rosout][INFO] 2018-09-30 08:41:20,163: constant.state_run_very_slow
[rosout][INFO] 2018-09-30 08:41:20,664: constant.state_run_very_slow
[rosout][INFO] 2018-09-30 08:41:21,163: constant.state_run_very_slow
[rospy.core][INFO] 2018-09-30 08:41:21,491: signal_shutdown [signal-2]
[rospy.internal][INFO] 2018-09-30 08:41:21,581: topic[/cam_dir] removing connection to /drive_motor
[rospy.internal][INFO] 2018-09-30 08:41:21,583: topic[/rosout] removing connection to /rosout
[rospy.internal][INFO] 2018-09-30 08:41:21,592: topic[/state] removing connection to /drive_motor
[rospy.impl.masterslave][INFO] 2018-09-30 08:41:21,594: signal-2
[rospy.core][INFO] 2018-09-30 08:41:22,163: signal_shutdown [atexit]
