[INFO] [1538296858.397882]: MAX_ROTATION_COUNT = 90
[INFO] [1538296858.400691]: MAX_SPEED = 200000
[INFO] [1538296858.407302]: Reconfigure Request: 85
[INFO] [1538296858.576343]: /drive_motorI heard state 6
CAM1
CAM1
CAM1
CAM1
CAM1
CAM1
CAM1
CAM1
[INFO] [1538296859.077371]: /drive_motorI heard state 6
CAM1
CAM1
CAM1
CAM1
CAM1
CAM1
CAM1
CAM1
[INFO] [1538296859.577507]: /drive_motorI heard state 6
CAM1
CAM1
CAM1
CAM1
CAM1
CAM1
CAM1
CAM1
[INFO] [1538296860.077395]: /drive_motorI heard state 6
CAM1
CAM1
CAM1
CAM1
CAM1
CAM1
CAM1
CAM1
[INFO] [1538296860.576769]: /drive_motorI heard state 6
CAM1
CAM1
CAM1
CAM1
CAM1
CAM1
CAM1
CAM1
[INFO] [1538296861.077039]: /drive_motorI heard state 6
CAM1
CAM1
CAM1
CAM1
CAM1
CAM1
CAM1
CAM1
[INFO] [1538296861.577102]: /drive_motorI heard state 6
CAM1
CAM1
CAM1
CAM1
CAM1
CAM1
CAM1
CAM1
CAM1
[INFO] [1538296862.076787]: /drive_motorI heard state 6
CAM1
CAM1
CAM1
CAM1
CAM1
CAM1
CAM1
CAM1
[INFO] [1538296862.582084]: /drive_motorI heard state 6
CAM1
CAM1
CAM1
CAM1
CAM1
CAM1
CAM1
CAM1
[INFO] [1538296863.082230]: /drive_motorI heard state 6
CAM1
CAM1
CAM1
CAM1
CAM1
CAM1
CAM1
CAM1
[INFO] [1538296863.576976]: /drive_motorI heard state 6
CAM1
CAM1
CAM1
CAM1
CAM1
CAM1
CAM1
CAM1
[INFO] [1538296864.076967]: /drive_motorI heard state 6
CAM1
CAM1
CAM1
CAM1
CAM1
CAM1
CAM1
CAM1
[INFO] [1538296873.669118]: /drive_motorI heard state 6
CAM1
CAM1
CAM1
CAM1
CAM1
CAM1
CAM1
CAM1
[INFO] [1538296874.168167]: /drive_motorI heard state 6
CAM1
CAM1
CAM1
CAM1
CAM1
CAM1
CAM1
CAM1
CAM1
[INFO] [1538296874.671551]: /drive_motorI heard state 6
CAM1
CAM1
CAM1
CAM1
CAM1
CAM1
CAM1
CAM1
[INFO] [1538296875.168433]: /drive_motorI heard state 6
CAM1
CAM1
CAM1
CAM1
CAM1
CAM1
CAM1
CAM1
[INFO] [1538296875.668287]: /drive_motorI heard state 6
CAM1
CAM1
CAM1
CAM1
CAM1
CAM1
CAM1
CAM1
[INFO] [1538296876.168537]: /drive_motorI heard state 6
CAM1
CAM1
CAM1
CAM1
CAM1
CAM1
CAM1
CAM1
CAM1
[INFO] [1538296876.677297]: /drive_motorI heard state 6
CAM1
CAM1
CAM1
CAM1
CAM1
CAM1
CAM1
CAM1
[INFO] [1538296877.169572]: /drive_motorI heard state 6
CAM1
CAM1
CAM1
CAM1
CAM1
CAM1
CAM1
CAM1
[INFO] [1538296877.668694]: /drive_motorI heard state 6
CAM1
CAM1
CAM1
CAM1
CAM1
CAM1
CAM1
CAM1
CAM1
[INFO] [1538296878.168765]: /drive_motorI heard state 6
CAM1
CAM1
CAM1
CAM1
CAM1
CAM1
CAM1
CAM1
[INFO] [1538296878.672456]: /drive_motorI heard state 6
CAM1
CAM1
CAM1
CAM1
CAM1
CAM1
CAM1
CAM1
[INFO] [1538296879.168067]: /drive_motorI heard state 6
CAM1
CAM1
CAM1
CAM1
CAM1
CAM1
CAM1
CAM1
[INFO] [1538296879.668437]: /drive_motorI heard state 6
CAM1
CAM1
CAM1
CAM1
CAM1
CAM1
CAM1
CAM1
CAM1
[INFO] [1538296880.170132]: /drive_motorI heard state 6
CAM1
CAM1
CAM1
CAM1
CAM1
CAM1
CAM1
CAM1
[INFO] [1538296880.669453]: /drive_motorI heard state 6
CAM1
CAM1
CAM1
CAM1
CAM1
CAM1
CAM1
CAM1
[INFO] [1538296881.168370]: /drive_motorI heard state 6
CAM1
CAM1
CAM1
CAM1
CAM1
