[rospy.client][INFO] 2018-09-30 08:40:56,610: init_node, name[/line_detector_single], pid[932]
[xmlrpc][INFO] 2018-09-30 08:40:56,613: XML-RPC server binding to 0.0.0.0:0
[xmlrpc][INFO] 2018-09-30 08:40:56,616: Started XML-RPC server [http://raspberrypi:36165/]
[rospy.init][INFO] 2018-09-30 08:40:56,617: ROS Slave URI: [http://raspberrypi:36165/]
[rospy.impl.masterslave][INFO] 2018-09-30 08:40:56,618: _ready: http://raspberrypi:36165/
[rospy.registration][INFO] 2018-09-30 08:40:56,626: Registering with master node http://127.0.0.1:11311
[xmlrpc][INFO] 2018-09-30 08:40:56,627: xml rpc node: starting XML-RPC server
[rospy.registration][INFO] 2018-09-30 08:40:56,629: Registering publisher topic [/output/image_raw/compressed] type [sensor_msgs/CompressedImage] with master
[rospy.registration][INFO] 2018-09-30 08:40:56,647: Registering publisher topic [/error] type [std_msgs/Int16] with master
[rospy.registration][INFO] 2018-09-30 08:40:56,660: Registering publisher topic [/noline] type [std_msgs/Int16] with master
[rospy.init][INFO] 2018-09-30 08:40:56,720: registered with master
[rospy.rosout][INFO] 2018-09-30 08:40:56,722: initializing /rosout core topic
[rospy.rosout][INFO] 2018-09-30 08:40:56,737: connected to core topic /rosout
[rospy.simtime][INFO] 2018-09-30 08:40:56,748: /use_sim_time is not set, will not subscribe to simulated time [/clock] topic
[rospy.internal][INFO] 2018-09-30 08:40:56,884: topic[/output/image_raw/compressed] adding connection to [/web_video_server], count 0
[rospy.internal][INFO] 2018-09-30 08:40:56,982: topic[/rosout] adding connection to [/rosout], count 0
[rospy.internal][INFO] 2018-09-30 08:40:58,368: topic[/error] adding connection to [/drive_motor], count 0
[rospy.core][INFO] 2018-09-30 08:41:21,486: signal_shutdown [signal-2]
[rospy.internal][INFO] 2018-09-30 08:41:21,602: topic[/output/image_raw/compressed] removing connection to /web_video_server
[rospy.internal][INFO] 2018-09-30 08:41:21,604: topic[/rosout] removing connection to /rosout
[rospy.internal][INFO] 2018-09-30 08:41:21,606: topic[/error] removing connection to /drive_motor
[rospy.impl.masterslave][INFO] 2018-09-30 08:41:21,608: signal-2
[rospy.core][INFO] 2018-09-30 08:41:22,188: signal_shutdown [atexit]
