-20 20 20 20 7 7
constant.state_run_very_slow
[INFO] [1538295704.469641]: constant.state_run_very_slow
-20 20 20 20 7 7
constant.state_run_very_slow
[INFO] [1538295704.969643]: constant.state_run_very_slow
-20 20 20 20 7 7
constant.state_run_very_slow
[INFO] [1538295705.470591]: constant.state_run_very_slow
-20 20 20 20 7 7
constant.state_run_very_slow
[INFO] [1538295705.969390]: constant.state_run_very_slow
-20 20 20 20 7 7
constant.state_run_very_slow
[INFO] [1538295706.469760]: constant.state_run_very_slow
-20 20 20 20 7 7
constant.state_run_very_slow
[INFO] [1538295706.971686]: constant.state_run_very_slow
-20 20 20 20 7 7
constant.state_run_very_slow
[INFO] [1538295707.470835]: constant.state_run_very_slow
-20 20 20 20 7 7
constant.state_run_very_slow
[INFO] [1538295707.971766]: constant.state_run_very_slow
-20 20 20 20 7 7
constant.state_run_very_slow
[INFO] [1538295708.470014]: constant.state_run_very_slow
-20 20 20 20 7 7
constant.state_run_very_slow
[INFO] [1538295708.970060]: constant.state_run_very_slow
-20 20 20 20 7 7
constant.state_run_very_slow
[INFO] [1538295709.470499]: constant.state_run_very_slow
-20 20 20 20 7 7
constant.state_run_very_slow
[INFO] [1538295709.970191]: constant.state_run_very_slow
-20 20 20 20 7 7
constant.state_run_very_slow
[INFO] [1538295710.469816]: constant.state_run_very_slow
-20 20 20 20 7 7
constant.state_run_very_slow
[INFO] [1538295710.969778]: constant.state_run_very_slow
-20 20 20 20 7 7
constant.state_run_very_slow
[INFO] [1538295711.469815]: constant.state_run_very_slow
-20 20 20 20 7 7
constant.state_run_very_slow
[INFO] [1538295711.969793]: constant.state_run_very_slow
-20 20 20 20 7 7
constant.state_run_very_slow
[INFO] [1538295712.470238]: constant.state_run_very_slow
-20 20 20 20 7 7
constant.state_run_very_slow
[INFO] [1538295712.969743]: constant.state_run_very_slow
-20 20 20 20 7 7
constant.state_run_very_slow
[INFO] [1538295713.471113]: constant.state_run_very_slow
-20 20 20 20 7 7
constant.state_run_very_slow
[INFO] [1538295713.972052]: constant.state_run_very_slow
-20 20 20 20 7 7
constant.state_run_very_slow
[INFO] [1538295714.471497]: constant.state_run_very_slow
-20 20 20 20 7 7
constant.state_run_very_slow
[INFO] [1538295714.972052]: constant.state_run_very_slow
-20 20 20 20 7 7
constant.state_run_very_slow
[INFO] [1538295715.470283]: constant.state_run_very_slow
-20 20 20 20 7 7
constant.state_run_very_slow
[INFO] [1538295715.970183]: constant.state_run_very_slow
-20 20 20 20 7 7
constant.state_run_very_slow
[INFO] [1538295716.470410]: constant.state_run_very_slow
-20 20 20 20 7 7
constant.state_run_very_slow
[INFO] [1538295716.969907]: constant.state_run_very_slow
-20 20 20 20 7 7
constant.state_run_very_slow
[INFO] [1538295717.469911]: constant.state_run_very_slow
-20 20 20 20 7 7
constant.state_run_very_slow
[INFO] [1538295717.970118]: constant.state_run_very_slow
-20 20 20 20 7 7
constant.state_run_very_slow
[INFO] [1538295718.469661]: constant.state_run_very_slow
-20 20 20 20 7 7
constant.state_run_very_slow
[INFO] [1538295718.969767]: constant.state_run_very_slow
-20 20 20 20 7 7
constant.state_run_very_slow
[INFO] [1538295719.469898]: constant.state_run_very_slow
-20 20 20 20 7 7
constant.state_run_very_slow
[INFO] [1538295719.970317]: constant.state_run_very_slow
-20 20 20 20 7 7
constant.state_run_very_slow
[INFO] [1538295720.470008]: constant.state_run_very_slow
-20 20 20 20 7 7
constant.state_run_very_slow
[INFO] [1538295720.970723]: constant.state_run_very_slow
-20 20 20 20 7 7
constant.state_run_very_slow
[INFO] [1538295721.470809]: constant.state_run_very_slow
-20 20 20 20 7 7
constant.state_run_very_slow
[INFO] [1538295721.970293]: constant.state_run_very_slow
-20 20 20 20 7 7
constant.state_run_very_slow
[INFO] [1538295722.470160]: constant.state_run_very_slow
-20 20 20 20 7 7
constant.state_run_very_slow
[INFO] [1538295722.969624]: constant.state_run_very_slow
-20 20 20 20 7 7
constant.state_run_very_slow
[INFO] [1538295723.469790]: constant.state_run_very_slow
-20 20 20 20 7 7
constant.state_run_very_slow
[INFO] [1538295723.970209]: constant.state_run_very_slow
-20 20 20 20 7 7
constant.state_run_very_slow
[INFO] [1538295724.469859]: constant.state_run_very_slow
-20 20 20 20 7 7
constant.state_run_very_slow
[INFO] [1538295724.969797]: constant.state_run_very_slow
-20 20 20 20 7 7
constant.state_run_very_slow
[INFO] [1538295725.469828]: constant.state_run_very_slow
-20 20 20 20 7 7
constant.state_run_very_slow
[INFO] [1538295725.969976]: constant.state_run_very_slow
-20 20 20 20 7 7
constant.state_run_very_slow
[INFO] [1538295726.471147]: constant.state_run_very_slow
-20 20 20 20 7 7
constant.state_run_very_slow
[INFO] [1538295726.971439]: constant.state_run_very_slow
-20 20 20 20 7 7
constant.state_run_very_slow
[INFO] [1538295727.471052]: constant.state_run_very_slow
-20 20 20 20 7 7
constant.state_run_very_slow
[INFO] [1538295727.969909]: constant.state_run_very_slow
-20 20 20 20 7 7
constant.state_run_very_slow
[INFO] [1538295728.469632]: constant.state_run_very_slow
-20 20 20 20 7 7
constant.state_run_very_slow
[INFO] [1538295728.969660]: constant.state_run_very_slow
-20 20 20 20 7 7
constant.state_run_very_slow
[INFO] [1538295729.469704]: constant.state_run_very_slow
-20 20 20 20 7 7
constant.state_run_very_slow
[INFO] [1538295729.969808]: constant.state_run_very_slow
-20 20 20 20 7 7
constant.state_run_very_slow
[INFO] [1538295730.469739]: constant.state_run_very_slow
-20 20 20 20 7 7
constant.state_run_very_slow
[INFO] [1538295730.969834]: constant.state_run_very_slow
-20 20 20 20 7 7
constant.state_run_very_slow
[INFO] [1538295731.470268]: constant.state_run_very_slow
-20 20 20 20 7 7
constant.state_run_very_slow
[INFO] [1538295731.970559]: constant.state_run_very_slow
-20 20 20 20 7 7
constant.state_run_very_slow
[INFO] [1538295732.469735]: constant.state_run_very_slow
-20 20 20 20 7 7
constant.state_run_very_slow
[INFO] [1538295732.969643]: constant.state_run_very_slow
-20 20 20 20 7 7
constant.state_run_very_slow
[INFO] [1538295733.469882]: constant.state_run_very_slow
-20 20 20 20 7 7
constant.state_run_very_slow
[INFO] [1538295733.969754]: constant.state_run_very_slow
-20 20 20 20 7 7
constant.state_run_very_slow
[INFO] [1538295734.469539]: constant.state_run_very_slow
-20 20 20 20 7 7
constant.state_run_very_slow
[INFO] [1538295734.969719]: constant.state_run_very_slow
-20 20 20 20 7 7
constant.state_run_very_slow
[INFO] [1538295735.469910]: constant.state_run_very_slow
-20 20 20 20 7 7
constant.state_run_very_slow
[INFO] [1538295735.971256]: constant.state_run_very_slow
-20 20 20 20 7 7
constant.state_run_very_slow
[INFO] [1538295736.470348]: constant.state_run_very_slow
-20 20 20 20 7 7
constant.state_run_very_slow
[INFO] [1538295736.969810]: constant.state_run_very_slow
-20 20 20 20 7 7
constant.state_run_very_slow
[INFO] [1538295737.471464]: constant.state_run_very_slow
-20 20 20 20 7 7
constant.state_run_very_slow
[INFO] [1538295737.969979]: constant.state_run_very_slow
