[INFO] [1538295709.980943]: MAX_ROTATION_COUNT = 90
[INFO] [1538295709.987922]: MAX_SPEED = 200000
[INFO] [1538295709.989849]: Reconfigure Request: 85
[INFO] [1538295710.475140]: /drive_motorI heard state 6
CAM1
CAM1
CAM1
CAM1
CAM1
CAM1
CAM1
CAM1
[INFO] [1538295710.975044]: /drive_motorI heard state 6
CAM1
CAM1
CAM1
CAM1
CAM1
CAM1
CAM1
CAM1
[INFO] [1538295711.475163]: /drive_motorI heard state 6
CAM1
CAM1
CAM1
CAM1
CAM1
CAM1
CAM1
CAM1
[INFO] [1538295711.975432]: /drive_motorI heard state 6
CAM1
CAM1
CAM1
CAM1
CAM1
CAM1
CAM1
CAM1
CAM1
CAM1
[INFO] [1538295712.475209]: /drive_motorI heard state 6
CAM1
CAM1
CAM1
CAM1
CAM1
CAM1
CAM1
CAM1
[INFO] [1538295712.974759]: /drive_motorI heard state 6
CAM1
CAM1
CAM1
CAM1
CAM1
CAM1
CAM1
CAM1
[INFO] [1538295713.476642]: /drive_motorI heard state 6
CAM1
CAM1
CAM1
CAM1
CAM1
CAM1
CAM1
CAM1
[INFO] [1538295713.977823]: /drive_motorI heard state 6
CAM1
CAM1
CAM1
CAM1
CAM1
CAM1
CAM1
CAM1
[INFO] [1538295714.476489]: /drive_motorI heard state 6
CAM1
CAM1
CAM1
CAM1
CAM1
CAM1
CAM1
CAM1
[INFO] [1538295714.986704]: /drive_motorI heard state 6
CAM1
CAM1
CAM1
CAM1
CAM1
CAM1
CAM1
CAM1
CAM1
[INFO] [1538295715.476712]: /drive_motorI heard state 6
CAM1
CAM1
CAM1
CAM1
CAM1
CAM1
CAM1
CAM1
[INFO] [1538295715.975903]: /drive_motorI heard state 6
CAM1
CAM1
CAM1
CAM1
CAM1
CAM1
CAM1
CAM1
CAM1
[INFO] [1538295716.475380]: /drive_motorI heard state 6
CAM1
CAM1
CAM1
CAM1
CAM1
CAM1
CAM1
CAM1
[INFO] [1538295716.974449]: /drive_motorI heard state 6
CAM1
CAM1
CAM1
CAM1
CAM1
CAM1
CAM1
CAM1
[INFO] [1538295717.475062]: /drive_motorI heard state 6
CAM1
CAM1
CAM1
CAM1
CAM1
CAM1
CAM1
CAM1
[INFO] [1538295717.975525]: /drive_motorI heard state 6
CAM1
CAM1
CAM1
CAM1
CAM1
CAM1
CAM1
CAM1
[INFO] [1538295718.474699]: /drive_motorI heard state 6
CAM1
CAM1
CAM1
CAM1
CAM1
CAM1
CAM1
CAM1
CAM1
CAM1
[INFO] [1538295718.977523]: /drive_motorI heard state 6
CAM1
CAM1
CAM1
CAM1
CAM1
CAM1
CAM1
CAM1
[INFO] [1538295719.475191]: /drive_motorI heard state 6
CAM1
CAM1
CAM1
CAM1
CAM1
CAM1
CAM1
CAM1
[INFO] [1538295719.974603]: /drive_motorI heard state 6
CAM1
CAM1
CAM1
CAM1
CAM1
CAM1
CAM1
CAM1
[INFO] [1538295720.474062]: /drive_motorI heard state 6
CAM1
CAM1
CAM1
CAM1
CAM1
CAM1
CAM1
CAM1
[INFO] [1538295720.976911]: /drive_motorI heard state 6
CAM1
CAM1
CAM1
CAM1
CAM1
CAM1
CAM1
CAM1
[INFO] [1538295721.476230]: /drive_motorI heard state 6
CAM1
CAM1
CAM1
CAM1
CAM1
CAM1
CAM1
CAM1
[INFO] [1538295721.977728]: /drive_motorI heard state 6
CAM1
CAM1
CAM1
CAM1
CAM1
CAM1
CAM1
CAM1
CAM1
[INFO] [1538295722.474417]: /drive_motorI heard state 6
CAM1
CAM1
CAM1
CAM1
CAM1
CAM1
CAM1
CAM1
[INFO] [1538295722.973883]: /drive_motorI heard state 6
CAM1
CAM1
CAM1
CAM1
CAM1
CAM1
CAM1
CAM1
[INFO] [1538295723.473962]: /drive_motorI heard state 6
CAM1
CAM1
CAM1
CAM1
CAM1
CAM1
CAM1
CAM1
[INFO] [1538295723.974358]: /drive_motorI heard state 6
CAM1
CAM1
CAM1
CAM1
CAM1
CAM1
CAM1
CAM1
[INFO] [1538295724.474011]: /drive_motorI heard state 6
CAM1
CAM1
CAM1
CAM1
CAM1
CAM1
CAM1
CAM1
[INFO] [1538295724.973915]: /drive_motorI heard state 6
CAM1
CAM1
CAM1
CAM1
CAM1
CAM1
CAM1
CAM1
[INFO] [1538295725.478974]: /drive_motorI heard state 6
CAM1
CAM1
CAM1
CAM1
CAM1
CAM1
CAM1
CAM1
CAM1
CAM1
[INFO] [1538295725.974704]: /drive_motorI heard state 6
CAM1
CAM1
CAM1
CAM1
CAM1
CAM1
CAM1
CAM1
[INFO] [1538295726.475459]: /drive_motorI heard state 6
CAM1
CAM1
CAM1
CAM1
CAM1
CAM1
CAM1
CAM1
[INFO] [1538295726.976985]: /drive_motorI heard state 6
CAM1
CAM1
CAM1
CAM1
CAM1
CAM1
CAM1
CAM1
[INFO] [1538295727.477356]: /drive_motorI heard state 6
CAM1
CAM1
CAM1
CAM1
CAM1
CAM1
CAM1
CAM1
[INFO] [1538295727.976950]: /drive_motorI heard state 6
CAM1
CAM1
CAM1
CAM1
CAM1
CAM1
CAM1
[INFO] [1538295728.474061]: /drive_motorI heard state 6
CAM1
CAM1
CAM1
CAM1
CAM1
CAM1
CAM1
CAM1
CAM1
CAM1
[INFO] [1538295728.973873]: /drive_motorI heard state 6
CAM1
CAM1
CAM1
CAM1
CAM1
CAM1
CAM1
CAM1
[INFO] [1538295729.473957]: /drive_motorI heard state 6
CAM1
CAM1
CAM1
CAM1
CAM1
CAM1
CAM1
CAM1
[INFO] [1538295729.973982]: /drive_motorI heard state 6
CAM1
CAM1
CAM1
CAM1
CAM1
CAM1
CAM1
CAM1
[INFO] [1538295730.478659]: /drive_motorI heard state 6
CAM1
CAM1
CAM1
CAM1
CAM1
CAM1
CAM1
CAM1
[INFO] [1538295730.974317]: /drive_motorI heard state 6
CAM1
CAM1
CAM1
CAM1
CAM1
CAM1
CAM1
CAM1
[INFO] [1538295731.474608]: /drive_motorI heard state 6
CAM1
CAM1
CAM1
CAM1
CAM1
CAM1
CAM1
CAM1
[INFO] [1538295731.975103]: /drive_motorI heard state 6
CAM1
CAM1
CAM1
CAM1
CAM1
CAM1
CAM1
CAM1
CAM1
CAM1
[INFO] [1538295732.473806]: /drive_motorI heard state 6
CAM1
CAM1
CAM1
CAM1
CAM1
CAM1
CAM1
CAM1
[INFO] [1538295732.974036]: /drive_motorI heard state 6
CAM1
CAM1
CAM1
CAM1
CAM1
CAM1
CAM1
CAM1
[INFO] [1538295733.474489]: /drive_motorI heard state 6
CAM1
CAM1
CAM1
CAM1
CAM1
CAM1
CAM1
CAM1
[INFO] [1538295733.974402]: /drive_motorI heard state 6
CAM1
CAM1
CAM1
CAM1
CAM1
CAM1
CAM1
[INFO] [1538295734.474593]: /drive_motorI heard state 6
CAM1
CAM1
CAM1
CAM1
CAM1
CAM1
CAM1
CAM1
[INFO] [1538295734.974396]: /drive_motorI heard state 6
CAM1
CAM1
CAM1
CAM1
CAM1
CAM1
CAM1
CAM1
CAM1
[INFO] [1538295735.480101]: /drive_motorI heard state 6
CAM1
CAM1
CAM1
CAM1
CAM1
CAM1
CAM1
CAM1
CAM1
[INFO] [1538295735.975753]: /drive_motorI heard state 6
CAM1
CAM1
CAM1
CAM1
CAM1
CAM1
CAM1
CAM1
[INFO] [1538295736.475282]: /drive_motorI heard state 6
CAM1
CAM1
CAM1
CAM1
CAM1
CAM1
CAM1
CAM1
[INFO] [1538295736.975923]: /drive_motorI heard state 6
CAM1
CAM1
CAM1
CAM1
CAM1
CAM1
CAM1
CAM1
[INFO] [1538295737.477384]: /drive_motorI heard state 6
CAM1
CAM1
CAM1
CAM1
CAM1
CAM1
CAM1
CAM1
[INFO] [1538295737.975905]: /drive_motorI heard state 6
CAM1
CAM1
CAM1
