[rospy.client][INFO] 2018-09-30 08:21:45,637: init_node, name[/line_detector_single], pid[6959]
[xmlrpc][INFO] 2018-09-30 08:21:45,640: XML-RPC server binding to 0.0.0.0:0
[xmlrpc][INFO] 2018-09-30 08:21:45,644: Started XML-RPC server [http://raspberrypi:44017/]
[rospy.init][INFO] 2018-09-30 08:21:45,645: ROS Slave URI: [http://raspberrypi:44017/]
[rospy.impl.masterslave][INFO] 2018-09-30 08:21:45,646: _ready: http://raspberrypi:44017/
[rospy.registration][INFO] 2018-09-30 08:21:45,653: Registering with master node http://127.0.0.1:11311
[xmlrpc][INFO] 2018-09-30 08:21:45,654: xml rpc node: starting XML-RPC server
[rospy.registration][INFO] 2018-09-30 08:21:45,655: Registering publisher topic [/output/image_raw/compressed] type [sensor_msgs/CompressedImage] with master
[rospy.registration][INFO] 2018-09-30 08:21:45,673: Registering publisher topic [/error] type [std_msgs/Int16] with master
[rospy.registration][INFO] 2018-09-30 08:21:45,684: Registering publisher topic [/noline] type [std_msgs/Int16] with master
[rospy.init][INFO] 2018-09-30 08:21:45,747: registered with master
[rospy.rosout][INFO] 2018-09-30 08:21:45,749: initializing /rosout core topic
[rospy.rosout][INFO] 2018-09-30 08:21:45,762: connected to core topic /rosout
[rospy.simtime][INFO] 2018-09-30 08:21:45,775: /use_sim_time is not set, will not subscribe to simulated time [/clock] topic
[rospy.internal][INFO] 2018-09-30 08:21:45,973: topic[/rosout] adding connection to [/rosout], count 0
[rospy.internal][INFO] 2018-09-30 08:21:49,977: topic[/error] adding connection to [/drive_motor], count 0
[rospy.core][INFO] 2018-09-30 08:22:18,183: signal_shutdown [signal-2]
[rospy.internal][INFO] 2018-09-30 08:22:18,259: topic[/rosout] removing connection to /rosout
[rospy.internal][INFO] 2018-09-30 08:22:18,261: topic[/error] removing connection to /drive_motor
[rospy.impl.masterslave][INFO] 2018-09-30 08:22:18,263: signal-2
[rospy.core][INFO] 2018-09-30 08:22:18,860: signal_shutdown [atexit]
