Determining if the pthread_create exist failed with the following output:
Change Dir: /home/pi/ros_catkin_ws/build_isolated/rosserial_arduino/CMakeFiles/CMakeTmp

Run Build Command:"/usr/bin/make" "cmTC_0bc9a/fast"
/usr/bin/make -f CMakeFiles/cmTC_0bc9a.dir/build.make CMakeFiles/cmTC_0bc9a.dir/build
make[1]: Entering directory '/home/pi/ros_catkin_ws/build_isolated/rosserial_arduino/CMakeFiles/CMakeTmp'
Building C object CMakeFiles/cmTC_0bc9a.dir/CheckSymbolExists.c.o
/usr/bin/cc     -o CMakeFiles/cmTC_0bc9a.dir/CheckSymbolExists.c.o   -c /home/pi/ros_catkin_ws/build_isolated/rosserial_arduino/CMakeFiles/CMakeTmp/CheckSymbolExists.c
Linking C executable cmTC_0bc9a
/usr/bin/cmake -E cmake_link_script CMakeFiles/cmTC_0bc9a.dir/link.txt --verbose=1
/usr/bin/cc       CMakeFiles/cmTC_0bc9a.dir/CheckSymbolExists.c.o  -o cmTC_0bc9a -rdynamic 
CMakeFiles/cmTC_0bc9a.dir/CheckSymbolExists.c.o: In function `main':
CheckSymbolExists.c:(.text+0x38): undefined reference to `pthread_create'
collect2: error: ld returned 1 exit status
CMakeFiles/cmTC_0bc9a.dir/build.make:97: recipe for target 'cmTC_0bc9a' failed
make[1]: *** [cmTC_0bc9a] Error 1
make[1]: Leaving directory '/home/pi/ros_catkin_ws/build_isolated/rosserial_arduino/CMakeFiles/CMakeTmp'
Makefile:126: recipe for target 'cmTC_0bc9a/fast' failed
make: *** [cmTC_0bc9a/fast] Error 2

File /home/pi/ros_catkin_ws/build_isolated/rosserial_arduino/CMakeFiles/CMakeTmp/CheckSymbolExists.c:
/* */
#include <pthread.h>

int main(int argc, char** argv)
{
  (void)argv;
#ifndef pthread_create
  return ((int*)(&pthread_create))[argc];
#else
  (void)argc;
  return 0;
#endif
}

Determining if the function pthread_create exists in the pthreads failed with the following output:
Change Dir: /home/pi/ros_catkin_ws/build_isolated/rosserial_arduino/CMakeFiles/CMakeTmp

Run Build Command:"/usr/bin/make" "cmTC_440ab/fast"
/usr/bin/make -f CMakeFiles/cmTC_440ab.dir/build.make CMakeFiles/cmTC_440ab.dir/build
make[1]: Entering directory '/home/pi/ros_catkin_ws/build_isolated/rosserial_arduino/CMakeFiles/CMakeTmp'
Building C object CMakeFiles/cmTC_440ab.dir/CheckFunctionExists.c.o
/usr/bin/cc    -DCHECK_FUNCTION_EXISTS=pthread_create   -o CMakeFiles/cmTC_440ab.dir/CheckFunctionExists.c.o   -c /usr/share/cmake-3.7/Modules/CheckFunctionExists.c
Linking C executable cmTC_440ab
/usr/bin/cmake -E cmake_link_script CMakeFiles/cmTC_440ab.dir/link.txt --verbose=1
/usr/bin/cc   -DCHECK_FUNCTION_EXISTS=pthread_create    CMakeFiles/cmTC_440ab.dir/CheckFunctionExists.c.o  -o cmTC_440ab -rdynamic -lpthreads 
/usr/bin/ld: cannot find -lpthreads
collect2: error: ld returned 1 exit status
CMakeFiles/cmTC_440ab.dir/build.make:97: recipe for target 'cmTC_440ab' failed
make[1]: *** [cmTC_440ab] Error 1
make[1]: Leaving directory '/home/pi/ros_catkin_ws/build_isolated/rosserial_arduino/CMakeFiles/CMakeTmp'
Makefile:126: recipe for target 'cmTC_440ab/fast' failed
make: *** [cmTC_440ab/fast] Error 2


