Determining if the pthread_create exist failed with the following output:
Change Dir: /home/pi/ros_catkin_ws/build_isolated/catkin/CMakeFiles/CMakeTmp

Run Build Command:"/usr/bin/make" "cmTC_ae517/fast"
/usr/bin/make -f CMakeFiles/cmTC_ae517.dir/build.make CMakeFiles/cmTC_ae517.dir/build
make[1]: Entering directory '/home/pi/ros_catkin_ws/build_isolated/catkin/CMakeFiles/CMakeTmp'
Building C object CMakeFiles/cmTC_ae517.dir/CheckSymbolExists.c.o
/usr/bin/cc     -o CMakeFiles/cmTC_ae517.dir/CheckSymbolExists.c.o   -c /home/pi/ros_catkin_ws/build_isolated/catkin/CMakeFiles/CMakeTmp/CheckSymbolExists.c
Linking C executable cmTC_ae517
/usr/bin/cmake -E cmake_link_script CMakeFiles/cmTC_ae517.dir/link.txt --verbose=1
/usr/bin/cc       CMakeFiles/cmTC_ae517.dir/CheckSymbolExists.c.o  -o cmTC_ae517 -rdynamic 
CMakeFiles/cmTC_ae517.dir/CheckSymbolExists.c.o: In function `main':
CheckSymbolExists.c:(.text+0x38): undefined reference to `pthread_create'
collect2: error: ld returned 1 exit status
CMakeFiles/cmTC_ae517.dir/build.make:97: recipe for target 'cmTC_ae517' failed
make[1]: *** [cmTC_ae517] Error 1
make[1]: Leaving directory '/home/pi/ros_catkin_ws/build_isolated/catkin/CMakeFiles/CMakeTmp'
Makefile:126: recipe for target 'cmTC_ae517/fast' failed
make: *** [cmTC_ae517/fast] Error 2

File /home/pi/ros_catkin_ws/build_isolated/catkin/CMakeFiles/CMakeTmp/CheckSymbolExists.c:
/* */
#include <pthread.h>

int main(int argc, char** argv)
{
  (void)argv;
#ifndef pthread_create
  return ((int*)(&pthread_create))[argc];
#else
  (void)argc;
  return 0;
#endif
}

Determining if the function pthread_create exists in the pthreads failed with the following output:
Change Dir: /home/pi/ros_catkin_ws/build_isolated/catkin/CMakeFiles/CMakeTmp

Run Build Command:"/usr/bin/make" "cmTC_76b6f/fast"
/usr/bin/make -f CMakeFiles/cmTC_76b6f.dir/build.make CMakeFiles/cmTC_76b6f.dir/build
make[1]: Entering directory '/home/pi/ros_catkin_ws/build_isolated/catkin/CMakeFiles/CMakeTmp'
Building C object CMakeFiles/cmTC_76b6f.dir/CheckFunctionExists.c.o
/usr/bin/cc    -DCHECK_FUNCTION_EXISTS=pthread_create   -o CMakeFiles/cmTC_76b6f.dir/CheckFunctionExists.c.o   -c /usr/share/cmake-3.7/Modules/CheckFunctionExists.c
Linking C executable cmTC_76b6f
/usr/bin/cmake -E cmake_link_script CMakeFiles/cmTC_76b6f.dir/link.txt --verbose=1
/usr/bin/cc   -DCHECK_FUNCTION_EXISTS=pthread_create    CMakeFiles/cmTC_76b6f.dir/CheckFunctionExists.c.o  -o cmTC_76b6f -rdynamic -lpthreads 
/usr/bin/ld: cannot find -lpthreads
collect2: error: ld returned 1 exit status
CMakeFiles/cmTC_76b6f.dir/build.make:97: recipe for target 'cmTC_76b6f' failed
make[1]: *** [cmTC_76b6f] Error 1
make[1]: Leaving directory '/home/pi/ros_catkin_ws/build_isolated/catkin/CMakeFiles/CMakeTmp'
Makefile:126: recipe for target 'cmTC_76b6f/fast' failed
make: *** [cmTC_76b6f/fast] Error 2


