Determining if the pthread_create exist failed with the following output:
Change Dir: /home/pi/ros_catkin_ws/build_isolated/rosgraph_msgs/CMakeFiles/CMakeTmp

Run Build Command:"/usr/bin/make" "cmTC_17d3a/fast"
/usr/bin/make -f CMakeFiles/cmTC_17d3a.dir/build.make CMakeFiles/cmTC_17d3a.dir/build
make[1]: Entering directory '/home/pi/ros_catkin_ws/build_isolated/rosgraph_msgs/CMakeFiles/CMakeTmp'
Building C object CMakeFiles/cmTC_17d3a.dir/CheckSymbolExists.c.o
/usr/bin/cc     -o CMakeFiles/cmTC_17d3a.dir/CheckSymbolExists.c.o   -c /home/pi/ros_catkin_ws/build_isolated/rosgraph_msgs/CMakeFiles/CMakeTmp/CheckSymbolExists.c
Linking C executable cmTC_17d3a
/usr/bin/cmake -E cmake_link_script CMakeFiles/cmTC_17d3a.dir/link.txt --verbose=1
/usr/bin/cc       CMakeFiles/cmTC_17d3a.dir/CheckSymbolExists.c.o  -o cmTC_17d3a -rdynamic 
CMakeFiles/cmTC_17d3a.dir/CheckSymbolExists.c.o: In function `main':
CheckSymbolExists.c:(.text+0x38): undefined reference to `pthread_create'
collect2: error: ld returned 1 exit status
CMakeFiles/cmTC_17d3a.dir/build.make:97: recipe for target 'cmTC_17d3a' failed
make[1]: *** [cmTC_17d3a] Error 1
make[1]: Leaving directory '/home/pi/ros_catkin_ws/build_isolated/rosgraph_msgs/CMakeFiles/CMakeTmp'
Makefile:126: recipe for target 'cmTC_17d3a/fast' failed
make: *** [cmTC_17d3a/fast] Error 2

File /home/pi/ros_catkin_ws/build_isolated/rosgraph_msgs/CMakeFiles/CMakeTmp/CheckSymbolExists.c:
/* */
#include <pthread.h>

int main(int argc, char** argv)
{
  (void)argv;
#ifndef pthread_create
  return ((int*)(&pthread_create))[argc];
#else
  (void)argc;
  return 0;
#endif
}

Determining if the function pthread_create exists in the pthreads failed with the following output:
Change Dir: /home/pi/ros_catkin_ws/build_isolated/rosgraph_msgs/CMakeFiles/CMakeTmp

Run Build Command:"/usr/bin/make" "cmTC_4b13d/fast"
/usr/bin/make -f CMakeFiles/cmTC_4b13d.dir/build.make CMakeFiles/cmTC_4b13d.dir/build
make[1]: Entering directory '/home/pi/ros_catkin_ws/build_isolated/rosgraph_msgs/CMakeFiles/CMakeTmp'
Building C object CMakeFiles/cmTC_4b13d.dir/CheckFunctionExists.c.o
/usr/bin/cc    -DCHECK_FUNCTION_EXISTS=pthread_create   -o CMakeFiles/cmTC_4b13d.dir/CheckFunctionExists.c.o   -c /usr/share/cmake-3.7/Modules/CheckFunctionExists.c
Linking C executable cmTC_4b13d
/usr/bin/cmake -E cmake_link_script CMakeFiles/cmTC_4b13d.dir/link.txt --verbose=1
/usr/bin/cc   -DCHECK_FUNCTION_EXISTS=pthread_create    CMakeFiles/cmTC_4b13d.dir/CheckFunctionExists.c.o  -o cmTC_4b13d -rdynamic -lpthreads 
/usr/bin/ld: cannot find -lpthreads
collect2: error: ld returned 1 exit status
CMakeFiles/cmTC_4b13d.dir/build.make:97: recipe for target 'cmTC_4b13d' failed
make[1]: *** [cmTC_4b13d] Error 1
make[1]: Leaving directory '/home/pi/ros_catkin_ws/build_isolated/rosgraph_msgs/CMakeFiles/CMakeTmp'
Makefile:126: recipe for target 'cmTC_4b13d/fast' failed
make: *** [cmTC_4b13d/fast] Error 2


