Determining if the pthread_create exist failed with the following output:
Change Dir: /home/pi/ros_catkin_ws/build_isolated/rosunit/CMakeFiles/CMakeTmp

Run Build Command:"/usr/bin/make" "cmTC_09d8f/fast"
/usr/bin/make -f CMakeFiles/cmTC_09d8f.dir/build.make CMakeFiles/cmTC_09d8f.dir/build
make[1]: Entering directory '/home/pi/ros_catkin_ws/build_isolated/rosunit/CMakeFiles/CMakeTmp'
Building C object CMakeFiles/cmTC_09d8f.dir/CheckSymbolExists.c.o
/usr/bin/cc     -o CMakeFiles/cmTC_09d8f.dir/CheckSymbolExists.c.o   -c /home/pi/ros_catkin_ws/build_isolated/rosunit/CMakeFiles/CMakeTmp/CheckSymbolExists.c
Linking C executable cmTC_09d8f
/usr/bin/cmake -E cmake_link_script CMakeFiles/cmTC_09d8f.dir/link.txt --verbose=1
/usr/bin/cc       CMakeFiles/cmTC_09d8f.dir/CheckSymbolExists.c.o  -o cmTC_09d8f -rdynamic 
CMakeFiles/cmTC_09d8f.dir/CheckSymbolExists.c.o: In function `main':
CheckSymbolExists.c:(.text+0x38): undefined reference to `pthread_create'
collect2: error: ld returned 1 exit status
CMakeFiles/cmTC_09d8f.dir/build.make:97: recipe for target 'cmTC_09d8f' failed
make[1]: *** [cmTC_09d8f] Error 1
make[1]: Leaving directory '/home/pi/ros_catkin_ws/build_isolated/rosunit/CMakeFiles/CMakeTmp'
Makefile:126: recipe for target 'cmTC_09d8f/fast' failed
make: *** [cmTC_09d8f/fast] Error 2

File /home/pi/ros_catkin_ws/build_isolated/rosunit/CMakeFiles/CMakeTmp/CheckSymbolExists.c:
/* */
#include <pthread.h>

int main(int argc, char** argv)
{
  (void)argv;
#ifndef pthread_create
  return ((int*)(&pthread_create))[argc];
#else
  (void)argc;
  return 0;
#endif
}

Determining if the function pthread_create exists in the pthreads failed with the following output:
Change Dir: /home/pi/ros_catkin_ws/build_isolated/rosunit/CMakeFiles/CMakeTmp

Run Build Command:"/usr/bin/make" "cmTC_dd417/fast"
/usr/bin/make -f CMakeFiles/cmTC_dd417.dir/build.make CMakeFiles/cmTC_dd417.dir/build
make[1]: Entering directory '/home/pi/ros_catkin_ws/build_isolated/rosunit/CMakeFiles/CMakeTmp'
Building C object CMakeFiles/cmTC_dd417.dir/CheckFunctionExists.c.o
/usr/bin/cc    -DCHECK_FUNCTION_EXISTS=pthread_create   -o CMakeFiles/cmTC_dd417.dir/CheckFunctionExists.c.o   -c /usr/share/cmake-3.7/Modules/CheckFunctionExists.c
Linking C executable cmTC_dd417
/usr/bin/cmake -E cmake_link_script CMakeFiles/cmTC_dd417.dir/link.txt --verbose=1
/usr/bin/cc   -DCHECK_FUNCTION_EXISTS=pthread_create    CMakeFiles/cmTC_dd417.dir/CheckFunctionExists.c.o  -o cmTC_dd417 -rdynamic -lpthreads 
/usr/bin/ld: cannot find -lpthreads
collect2: error: ld returned 1 exit status
CMakeFiles/cmTC_dd417.dir/build.make:97: recipe for target 'cmTC_dd417' failed
make[1]: *** [cmTC_dd417] Error 1
make[1]: Leaving directory '/home/pi/ros_catkin_ws/build_isolated/rosunit/CMakeFiles/CMakeTmp'
Makefile:126: recipe for target 'cmTC_dd417/fast' failed
make: *** [cmTC_dd417/fast] Error 2


