Determining if the pthread_create exist failed with the following output:
Change Dir: /home/pi/ros_catkin_ws/build_isolated/tf2_bullet/CMakeFiles/CMakeTmp

Run Build Command:"/usr/bin/make" "cmTC_49f76/fast"
/usr/bin/make -f CMakeFiles/cmTC_49f76.dir/build.make CMakeFiles/cmTC_49f76.dir/build
make[1]: Entering directory '/home/pi/ros_catkin_ws/build_isolated/tf2_bullet/CMakeFiles/CMakeTmp'
Building C object CMakeFiles/cmTC_49f76.dir/CheckSymbolExists.c.o
/usr/bin/cc     -o CMakeFiles/cmTC_49f76.dir/CheckSymbolExists.c.o   -c /home/pi/ros_catkin_ws/build_isolated/tf2_bullet/CMakeFiles/CMakeTmp/CheckSymbolExists.c
Linking C executable cmTC_49f76
/usr/bin/cmake -E cmake_link_script CMakeFiles/cmTC_49f76.dir/link.txt --verbose=1
/usr/bin/cc       CMakeFiles/cmTC_49f76.dir/CheckSymbolExists.c.o  -o cmTC_49f76 -rdynamic 
CMakeFiles/cmTC_49f76.dir/CheckSymbolExists.c.o: In function `main':
CheckSymbolExists.c:(.text+0x38): undefined reference to `pthread_create'
collect2: error: ld returned 1 exit status
CMakeFiles/cmTC_49f76.dir/build.make:97: recipe for target 'cmTC_49f76' failed
make[1]: *** [cmTC_49f76] Error 1
make[1]: Leaving directory '/home/pi/ros_catkin_ws/build_isolated/tf2_bullet/CMakeFiles/CMakeTmp'
Makefile:126: recipe for target 'cmTC_49f76/fast' failed
make: *** [cmTC_49f76/fast] Error 2

File /home/pi/ros_catkin_ws/build_isolated/tf2_bullet/CMakeFiles/CMakeTmp/CheckSymbolExists.c:
/* */
#include <pthread.h>

int main(int argc, char** argv)
{
  (void)argv;
#ifndef pthread_create
  return ((int*)(&pthread_create))[argc];
#else
  (void)argc;
  return 0;
#endif
}

Determining if the function pthread_create exists in the pthreads failed with the following output:
Change Dir: /home/pi/ros_catkin_ws/build_isolated/tf2_bullet/CMakeFiles/CMakeTmp

Run Build Command:"/usr/bin/make" "cmTC_59778/fast"
/usr/bin/make -f CMakeFiles/cmTC_59778.dir/build.make CMakeFiles/cmTC_59778.dir/build
make[1]: Entering directory '/home/pi/ros_catkin_ws/build_isolated/tf2_bullet/CMakeFiles/CMakeTmp'
Building C object CMakeFiles/cmTC_59778.dir/CheckFunctionExists.c.o
/usr/bin/cc    -DCHECK_FUNCTION_EXISTS=pthread_create   -o CMakeFiles/cmTC_59778.dir/CheckFunctionExists.c.o   -c /usr/share/cmake-3.7/Modules/CheckFunctionExists.c
Linking C executable cmTC_59778
/usr/bin/cmake -E cmake_link_script CMakeFiles/cmTC_59778.dir/link.txt --verbose=1
/usr/bin/cc   -DCHECK_FUNCTION_EXISTS=pthread_create    CMakeFiles/cmTC_59778.dir/CheckFunctionExists.c.o  -o cmTC_59778 -rdynamic -lpthreads 
/usr/bin/ld: cannot find -lpthreads
collect2: error: ld returned 1 exit status
CMakeFiles/cmTC_59778.dir/build.make:97: recipe for target 'cmTC_59778' failed
make[1]: *** [cmTC_59778] Error 1
make[1]: Leaving directory '/home/pi/ros_catkin_ws/build_isolated/tf2_bullet/CMakeFiles/CMakeTmp'
Makefile:126: recipe for target 'cmTC_59778/fast' failed
make: *** [cmTC_59778/fast] Error 2


