Determining if the pthread_create exist failed with the following output:
Change Dir: /home/pi/ros_catkin_ws/build_isolated/rosout/CMakeFiles/CMakeTmp

Run Build Command:"/usr/bin/make" "cmTC_f998e/fast"
/usr/bin/make -f CMakeFiles/cmTC_f998e.dir/build.make CMakeFiles/cmTC_f998e.dir/build
make[1]: Entering directory '/home/pi/ros_catkin_ws/build_isolated/rosout/CMakeFiles/CMakeTmp'
Building C object CMakeFiles/cmTC_f998e.dir/CheckSymbolExists.c.o
/usr/bin/cc     -o CMakeFiles/cmTC_f998e.dir/CheckSymbolExists.c.o   -c /home/pi/ros_catkin_ws/build_isolated/rosout/CMakeFiles/CMakeTmp/CheckSymbolExists.c
Linking C executable cmTC_f998e
/usr/bin/cmake -E cmake_link_script CMakeFiles/cmTC_f998e.dir/link.txt --verbose=1
/usr/bin/cc       CMakeFiles/cmTC_f998e.dir/CheckSymbolExists.c.o  -o cmTC_f998e -rdynamic 
CMakeFiles/cmTC_f998e.dir/CheckSymbolExists.c.o: In function `main':
CheckSymbolExists.c:(.text+0x38): undefined reference to `pthread_create'
collect2: error: ld returned 1 exit status
CMakeFiles/cmTC_f998e.dir/build.make:97: recipe for target 'cmTC_f998e' failed
make[1]: *** [cmTC_f998e] Error 1
make[1]: Leaving directory '/home/pi/ros_catkin_ws/build_isolated/rosout/CMakeFiles/CMakeTmp'
Makefile:126: recipe for target 'cmTC_f998e/fast' failed
make: *** [cmTC_f998e/fast] Error 2

File /home/pi/ros_catkin_ws/build_isolated/rosout/CMakeFiles/CMakeTmp/CheckSymbolExists.c:
/* */
#include <pthread.h>

int main(int argc, char** argv)
{
  (void)argv;
#ifndef pthread_create
  return ((int*)(&pthread_create))[argc];
#else
  (void)argc;
  return 0;
#endif
}

Determining if the function pthread_create exists in the pthreads failed with the following output:
Change Dir: /home/pi/ros_catkin_ws/build_isolated/rosout/CMakeFiles/CMakeTmp

Run Build Command:"/usr/bin/make" "cmTC_113bb/fast"
/usr/bin/make -f CMakeFiles/cmTC_113bb.dir/build.make CMakeFiles/cmTC_113bb.dir/build
make[1]: Entering directory '/home/pi/ros_catkin_ws/build_isolated/rosout/CMakeFiles/CMakeTmp'
Building C object CMakeFiles/cmTC_113bb.dir/CheckFunctionExists.c.o
/usr/bin/cc    -DCHECK_FUNCTION_EXISTS=pthread_create   -o CMakeFiles/cmTC_113bb.dir/CheckFunctionExists.c.o   -c /usr/share/cmake-3.7/Modules/CheckFunctionExists.c
Linking C executable cmTC_113bb
/usr/bin/cmake -E cmake_link_script CMakeFiles/cmTC_113bb.dir/link.txt --verbose=1
/usr/bin/cc   -DCHECK_FUNCTION_EXISTS=pthread_create    CMakeFiles/cmTC_113bb.dir/CheckFunctionExists.c.o  -o cmTC_113bb -rdynamic -lpthreads 
/usr/bin/ld: cannot find -lpthreads
collect2: error: ld returned 1 exit status
CMakeFiles/cmTC_113bb.dir/build.make:97: recipe for target 'cmTC_113bb' failed
make[1]: *** [cmTC_113bb] Error 1
make[1]: Leaving directory '/home/pi/ros_catkin_ws/build_isolated/rosout/CMakeFiles/CMakeTmp'
Makefile:126: recipe for target 'cmTC_113bb/fast' failed
make: *** [cmTC_113bb/fast] Error 2


