Determining if the pthread_create exist failed with the following output:
Change Dir: /home/pi/ros_catkin_ws/build_isolated/rosauth/CMakeFiles/CMakeTmp

Run Build Command:"/usr/bin/make" "cmTC_6a5cb/fast"
/usr/bin/make -f CMakeFiles/cmTC_6a5cb.dir/build.make CMakeFiles/cmTC_6a5cb.dir/build
make[1]: Entering directory '/home/pi/ros_catkin_ws/build_isolated/rosauth/CMakeFiles/CMakeTmp'
Building C object CMakeFiles/cmTC_6a5cb.dir/CheckSymbolExists.c.o
/usr/bin/cc     -o CMakeFiles/cmTC_6a5cb.dir/CheckSymbolExists.c.o   -c /home/pi/ros_catkin_ws/build_isolated/rosauth/CMakeFiles/CMakeTmp/CheckSymbolExists.c
Linking C executable cmTC_6a5cb
/usr/bin/cmake -E cmake_link_script CMakeFiles/cmTC_6a5cb.dir/link.txt --verbose=1
/usr/bin/cc       CMakeFiles/cmTC_6a5cb.dir/CheckSymbolExists.c.o  -o cmTC_6a5cb -rdynamic 
CMakeFiles/cmTC_6a5cb.dir/CheckSymbolExists.c.o: In function `main':
CheckSymbolExists.c:(.text+0x38): undefined reference to `pthread_create'
collect2: error: ld returned 1 exit status
CMakeFiles/cmTC_6a5cb.dir/build.make:97: recipe for target 'cmTC_6a5cb' failed
make[1]: *** [cmTC_6a5cb] Error 1
make[1]: Leaving directory '/home/pi/ros_catkin_ws/build_isolated/rosauth/CMakeFiles/CMakeTmp'
Makefile:126: recipe for target 'cmTC_6a5cb/fast' failed
make: *** [cmTC_6a5cb/fast] Error 2

File /home/pi/ros_catkin_ws/build_isolated/rosauth/CMakeFiles/CMakeTmp/CheckSymbolExists.c:
/* */
#include <pthread.h>

int main(int argc, char** argv)
{
  (void)argv;
#ifndef pthread_create
  return ((int*)(&pthread_create))[argc];
#else
  (void)argc;
  return 0;
#endif
}

Determining if the function pthread_create exists in the pthreads failed with the following output:
Change Dir: /home/pi/ros_catkin_ws/build_isolated/rosauth/CMakeFiles/CMakeTmp

Run Build Command:"/usr/bin/make" "cmTC_fa020/fast"
/usr/bin/make -f CMakeFiles/cmTC_fa020.dir/build.make CMakeFiles/cmTC_fa020.dir/build
make[1]: Entering directory '/home/pi/ros_catkin_ws/build_isolated/rosauth/CMakeFiles/CMakeTmp'
Building C object CMakeFiles/cmTC_fa020.dir/CheckFunctionExists.c.o
/usr/bin/cc    -DCHECK_FUNCTION_EXISTS=pthread_create   -o CMakeFiles/cmTC_fa020.dir/CheckFunctionExists.c.o   -c /usr/share/cmake-3.7/Modules/CheckFunctionExists.c
Linking C executable cmTC_fa020
/usr/bin/cmake -E cmake_link_script CMakeFiles/cmTC_fa020.dir/link.txt --verbose=1
/usr/bin/cc   -DCHECK_FUNCTION_EXISTS=pthread_create    CMakeFiles/cmTC_fa020.dir/CheckFunctionExists.c.o  -o cmTC_fa020 -rdynamic -lpthreads 
/usr/bin/ld: cannot find -lpthreads
collect2: error: ld returned 1 exit status
CMakeFiles/cmTC_fa020.dir/build.make:97: recipe for target 'cmTC_fa020' failed
make[1]: *** [cmTC_fa020] Error 1
make[1]: Leaving directory '/home/pi/ros_catkin_ws/build_isolated/rosauth/CMakeFiles/CMakeTmp'
Makefile:126: recipe for target 'cmTC_fa020/fast' failed
make: *** [cmTC_fa020/fast] Error 2


